# JRE version: OpenJDK Runtime Environment Temurin-21.0.3+9 (21.0.3+9) (build 21.0.3+9-LTS)
# Java VM: OpenJDK 64-Bit Server VM Temurin-21.0.3+9 (21.0.3+9-LTS, mixed mode, emulated-client, sharing, tiered, compressed oops, compressed class ptrs, g1 gc, windows-amd64)
GC Precious Log:
 CardTable entry size: 512
 Card Set container configuration: InlinePtr #cards 4 size 8 Array Of Cards #cards 16 size 48 Howl #buckets 8 coarsen threshold 3686 Howl Bitmap #cards 512 size 80 coarsen threshold 460 Card regions per heap region 1 cards per card region 4096
 CPUs: 8 total, 8 available
 Memory: 16101M
 Large Page Support: Disabled
 NUMA Support: Disabled
 Compressed Oops: Enabled (Zero based)
 Heap Region Size: 2M
 Heap Min Capacity: 8M
 Heap Initial Capacity: 252M
 Heap Max Capacity: 4026M
 Pre-touch: Disabled
 Parallel Workers: 8
 Concurrent Workers: 2
 Concurrent Refinement Workers: 8
 Periodic GC: Disabled
Heap:
 garbage-first heap   total 98304K, used 80366K [0x0000000704600000, 0x0000000800000000)
  region size 2048K, 23 young (47104K), 2 survivors (4096K)
 Metaspace       used 74661K, committed 75456K, reserved 1114112K
  class space    used 10226K, committed 10560K, reserved 1048576K
GC Heap History (20 events):
Event: 2131.257 GC heap after
{Heap after GC invocations=38 (full 2):
 garbage-first heap   total 81920K, used 29998K [0x0000000704600000, 0x0000000800000000)
  region size 2048K, 2 young (4096K), 2 survivors (4096K)
 Metaspace       used 73441K, committed 74176K, reserved 1114112K
  class space    used 10075K, committed 10432K, reserved 1048576K
}
Event: 2235.031 GC heap before
{Heap before GC invocations=38 (full 2):
 garbage-first heap   total 81920K, used 70958K [0x0000000704600000, 0x0000000800000000)
  region size 2048K, 22 young (45056K), 2 survivors (4096K)
 Metaspace       used 73764K, committed 74560K, reserved 1114112K
  class space    used 10150K, committed 10496K, reserved 1048576K
}
Event: 2235.035 GC heap after
{Heap after GC invocations=39 (full 2):
 garbage-first heap   total 81920K, used 30164K [0x0000000704600000, 0x0000000800000000)
  region size 2048K, 2 young (4096K), 2 survivors (4096K)
 Metaspace       used 73764K, committed 74560K, reserved 1114112K
  class space    used 10150K, committed 10496K, reserved 1048576K
}
Event: 2235.464 GC heap before
{Heap before GC invocations=39 (full 2):
 garbage-first heap   total 81920K, used 71124K [0x0000000704600000, 0x0000000800000000)
  region size 2048K, 22 young (45056K), 2 survivors (4096K)
 Metaspace       used 73838K, committed 74624K, reserved 1114112K
  class space    used 10161K, committed 10496K, reserved 1048576K
}
Event: 2235.470 GC heap after
{Heap after GC invocations=40 (full 2):
 garbage-first heap   total 81920K, used 32613K [0x0000000704600000, 0x0000000800000000)
  region size 2048K, 3 young (6144K), 3 survivors (6144K)
 Metaspace       used 73838K, committed 74624K, reserved 1114112K
  class space    used 10161K, committed 10496K, reserved 1048576K
}
Event: 2235.923 GC heap before
{Heap before GC invocations=40 (full 2):
 garbage-first heap   total 81920K, used 65381K [0x0000000704600000, 0x0000000800000000)
  region size 2048K, 20 young (40960K), 3 survivors (6144K)
 Metaspace       used 73995K, committed 74816K, reserved 1114112K
  class space    used 10180K, committed 10560K, reserved 1048576K
}
Event: 2235.927 GC heap after
{Heap after GC invocations=41 (full 2):
 garbage-first heap   total 81920K, used 34130K [0x0000000704600000, 0x0000000800000000)
  region size 2048K, 3 young (6144K), 3 survivors (6144K)
 Metaspace       used 73995K, committed 74816K, reserved 1114112K
  class space    used 10180K, committed 10560K, reserved 1048576K
}
Event: 2236.107 GC heap before
{Heap before GC invocations=42 (full 2):
 garbage-first heap   total 81920K, used 66898K [0x0000000704600000, 0x0000000800000000)
  region size 2048K, 19 young (38912K), 3 survivors (6144K)
 Metaspace       used 74040K, committed 74880K, reserved 1114112K
  class space    used 10167K, committed 10560K, reserved 1048576K
}
Event: 2236.110 GC heap after
{Heap after GC invocations=43 (full 2):
 garbage-first heap   total 81920K, used 34863K [0x0000000704600000, 0x0000000800000000)
  region size 2048K, 2 young (4096K), 2 survivors (4096K)
 Metaspace       used 74040K, committed 74880K, reserved 1114112K
  class space    used 10167K, committed 10560K, reserved 1048576K
}
Event: 2236.575 GC heap before
{Heap before GC invocations=43 (full 2):
 garbage-first heap   total 81920K, used 69679K [0x0000000704600000, 0x0000000800000000)
  region size 2048K, 19 young (38912K), 2 survivors (4096K)
 Metaspace       used 74229K, committed 75072K, reserved 1114112K
  class space    used 10178K, committed 10560K, reserved 1048576K
}
Event: 2236.578 GC heap after
{Heap after GC invocations=44 (full 2):
 garbage-first heap   total 81920K, used 34587K [0x0000000704600000, 0x0000000800000000)
  region size 2048K, 2 young (4096K), 2 survivors (4096K)
 Metaspace       used 74229K, committed 75072K, reserved 1114112K
  class space    used 10178K, committed 10560K, reserved 1048576K
}
Event: 2539.886 GC heap before
{Heap before GC invocations=44 (full 2):
 garbage-first heap   total 81920K, used 69403K [0x0000000704600000, 0x0000000800000000)
  region size 2048K, 19 young (38912K), 2 survivors (4096K)
 Metaspace       used 74252K, committed 75072K, reserved 1114112K
  class space    used 10182K, committed 10560K, reserved 1048576K
}
Event: 2539.893 GC heap after
{Heap after GC invocations=45 (full 2):
 garbage-first heap   total 81920K, used 33919K [0x0000000704600000, 0x0000000800000000)
  region size 2048K, 2 young (4096K), 2 survivors (4096K)
 Metaspace       used 74252K, committed 75072K, reserved 1114112K
  class space    used 10182K, committed 10560K, reserved 1048576K
}
Event: 2917.569 GC heap before
{Heap before GC invocations=46 (full 2):
 garbage-first heap   total 81920K, used 68735K [0x0000000704600000, 0x0000000800000000)
  region size 2048K, 19 young (38912K), 2 survivors (4096K)
 Metaspace       used 74188K, committed 75072K, reserved 1114112K
  class space    used 10167K, committed 10560K, reserved 1048576K
}
Event: 2917.572 GC heap after
{Heap after GC invocations=47 (full 2):
 garbage-first heap   total 98304K, used 34885K [0x0000000704600000, 0x0000000800000000)
  region size 2048K, 2 young (4096K), 2 survivors (4096K)
 Metaspace       used 74188K, committed 75072K, reserved 1114112K
  class space    used 10167K, committed 10560K, reserved 1048576K
}
Event: 2918.035 GC heap before
{Heap before GC invocations=47 (full 2):
 garbage-first heap   total 98304K, used 84037K [0x0000000704600000, 0x0000000800000000)
  region size 2048K, 26 young (53248K), 2 survivors (4096K)
 Metaspace       used 74298K, committed 75072K, reserved 1114112K
  class space    used 10189K, committed 10560K, reserved 1048576K
}
Event: 2918.040 GC heap after
{Heap after GC invocations=48 (full 2):
 garbage-first heap   total 98304K, used 35188K [0x0000000704600000, 0x0000000800000000)
  region size 2048K, 3 young (6144K), 3 survivors (6144K)
 Metaspace       used 74298K, committed 75072K, reserved 1114112K
  class space    used 10189K, committed 10560K, reserved 1048576K
}
Event: 2918.614 GC heap before
{Heap before GC invocations=48 (full 2):
 garbage-first heap   total 98304K, used 82292K [0x0000000704600000, 0x0000000800000000)
  region size 2048K, 26 young (53248K), 3 survivors (6144K)
 Metaspace       used 74575K, committed 75328K, reserved 1114112K
  class space    used 10219K, committed 10560K, reserved 1048576K
}
Event: 2918.619 GC heap after
{Heap after GC invocations=49 (full 2):
 garbage-first heap   total 98304K, used 37358K [0x0000000704600000, 0x0000000800000000)
  region size 2048K, 4 young (8192K), 4 survivors (8192K)
 Metaspace       used 74575K, committed 75328K, reserved 1114112K
  class space    used 10219K, committed 10560K, reserved 1048576K
}
Event: 3339.880 GC heap before
{Heap before GC invocations=49 (full 2):
 garbage-first heap   total 98304K, used 80366K [0x0000000704600000, 0x0000000800000000)
  region size 2048K, 25 young (51200K), 4 survivors (8192K)
 Metaspace       used 74661K, committed 75456K, reserved 1114112K
  class space    used 10226K, committed 10560K, reserved 1048576K
}

