# JRE version: OpenJDK Runtime Environment Temurin-21.0.3+9 (21.0.3+9) (build 21.0.3+9-LTS)
# Java VM: OpenJDK 64-Bit Server VM Temurin-21.0.3+9 (21.0.3+9-LTS, mixed mode, emulated-client, sharing, tiered, compressed oops, compressed class ptrs, g1 gc, windows-amd64)
GC Precious Log:
 CardTable entry size: 512
 Card Set container configuration: InlinePtr #cards 4 size 8 Array Of Cards #cards 16 size 48 Howl #buckets 8 coarsen threshold 3686 Howl Bitmap #cards 512 size 80 coarsen threshold 460 Card regions per heap region 1 cards per card region 4096
 CPUs: 8 total, 8 available
 Memory: 16101M
 Large Page Support: Disabled
 NUMA Support: Disabled
 Compressed Oops: Enabled (Zero based)
 Heap Region Size: 2M
 Heap Min Capacity: 8M
 Heap Initial Capacity: 252M
 Heap Max Capacity: 4026M
 Pre-touch: Disabled
 Parallel Workers: 8
 Concurrent Workers: 2
 Concurrent Refinement Workers: 8
 Periodic GC: Disabled
Heap:
 garbage-first heap   total 110592K, used 95456K [0x0000000704600000, 0x0000000800000000)
  region size 2048K, 31 young (63488K), 1 survivors (2048K)
 Metaspace       used 78673K, committed 79616K, reserved 1179648K
  class space    used 10618K, committed 11008K, reserved 1048576K
GC Heap History (20 events):
Event: 4555.022 GC heap after
{Heap after GC invocations=93 (full 8):
 garbage-first heap   total 110592K, used 34175K [0x0000000704600000, 0x0000000800000000)
  region size 2048K, 2 young (4096K), 2 survivors (4096K)
 Metaspace       used 78262K, committed 79104K, reserved 1179648K
  class space    used 10599K, committed 10944K, reserved 1048576K
}
Event: 4555.386 GC heap before
{Heap before GC invocations=93 (full 8):
 garbage-first heap   total 110592K, used 89471K [0x0000000704600000, 0x0000000800000000)
  region size 2048K, 29 young (59392K), 2 survivors (4096K)
 Metaspace       used 78444K, committed 79360K, reserved 1179648K
  class space    used 10618K, committed 11008K, reserved 1048576K
}
Event: 4555.390 GC heap after
{Heap after GC invocations=94 (full 8):
 garbage-first heap   total 110592K, used 36212K [0x0000000704600000, 0x0000000800000000)
  region size 2048K, 2 young (4096K), 2 survivors (4096K)
 Metaspace       used 78444K, committed 79360K, reserved 1179648K
  class space    used 10618K, committed 11008K, reserved 1048576K
}
Event: 4601.298 GC heap before
{Heap before GC invocations=94 (full 8):
 garbage-first heap   total 110592K, used 93556K [0x0000000704600000, 0x0000000800000000)
  region size 2048K, 30 young (61440K), 2 survivors (4096K)
 Metaspace       used 78500K, committed 79360K, reserved 1179648K
  class space    used 10628K, committed 11008K, reserved 1048576K
}
Event: 4601.303 GC heap after
{Heap after GC invocations=95 (full 8):
 garbage-first heap   total 110592K, used 37270K [0x0000000704600000, 0x0000000800000000)
  region size 2048K, 3 young (6144K), 3 survivors (6144K)
 Metaspace       used 78500K, committed 79360K, reserved 1179648K
  class space    used 10628K, committed 11008K, reserved 1048576K
}
Event: 4867.949 GC heap before
{Heap before GC invocations=96 (full 8):
 garbage-first heap   total 110592K, used 90518K [0x0000000704600000, 0x0000000800000000)
  region size 2048K, 29 young (59392K), 3 survivors (6144K)
 Metaspace       used 78457K, committed 79360K, reserved 1179648K
  class space    used 10617K, committed 11008K, reserved 1048576K
}
Event: 4867.955 GC heap after
{Heap after GC invocations=97 (full 8):
 garbage-first heap   total 110592K, used 38631K [0x0000000704600000, 0x0000000800000000)
  region size 2048K, 3 young (6144K), 3 survivors (6144K)
 Metaspace       used 78457K, committed 79360K, reserved 1179648K
  class space    used 10617K, committed 11008K, reserved 1048576K
}
Event: 5156.789 GC heap before
{Heap before GC invocations=97 (full 8):
 garbage-first heap   total 110592K, used 89831K [0x0000000704600000, 0x0000000800000000)
  region size 2048K, 28 young (57344K), 3 survivors (6144K)
 Metaspace       used 78457K, committed 79360K, reserved 1179648K
  class space    used 10617K, committed 11008K, reserved 1048576K
}
Event: 5156.795 GC heap after
{Heap after GC invocations=98 (full 8):
 garbage-first heap   total 110592K, used 36357K [0x0000000704600000, 0x0000000800000000)
  region size 2048K, 2 young (4096K), 2 survivors (4096K)
 Metaspace       used 78457K, committed 79360K, reserved 1179648K
  class space    used 10617K, committed 11008K, reserved 1048576K
}
Event: 5370.356 GC heap before
{Heap before GC invocations=98 (full 8):
 garbage-first heap   total 110592K, used 73221K [0x0000000704600000, 0x0000000800000000)
  region size 2048K, 21 young (43008K), 2 survivors (4096K)
 Metaspace       used 78460K, committed 79360K, reserved 1179648K
  class space    used 10617K, committed 11008K, reserved 1048576K
}
Event: 5370.420 GC heap after
{Heap after GC invocations=99 (full 9):
 garbage-first heap   total 110592K, used 26818K [0x0000000704600000, 0x0000000800000000)
  region size 2048K, 0 young (0K), 0 survivors (0K)
 Metaspace       used 78270K, committed 79360K, reserved 1179648K
  class space    used 10573K, committed 11008K, reserved 1048576K
}
Event: 5371.878 GC heap before
{Heap before GC invocations=99 (full 9):
 garbage-first heap   total 110592K, used 90306K [0x0000000704600000, 0x0000000800000000)
  region size 2048K, 32 young (65536K), 0 survivors (0K)
 Metaspace       used 78462K, committed 79360K, reserved 1179648K
  class space    used 10616K, committed 11008K, reserved 1048576K
}
Event: 5371.883 GC heap after
{Heap after GC invocations=100 (full 9):
 garbage-first heap   total 110592K, used 32203K [0x0000000704600000, 0x0000000800000000)
  region size 2048K, 3 young (6144K), 3 survivors (6144K)
 Metaspace       used 78462K, committed 79360K, reserved 1179648K
  class space    used 10616K, committed 11008K, reserved 1048576K
}
Event: 5401.777 GC heap before
{Heap before GC invocations=101 (full 9):
 garbage-first heap   total 110592K, used 89547K [0x0000000704600000, 0x0000000800000000)
  region size 2048K, 31 young (63488K), 3 survivors (6144K)
 Metaspace       used 78746K, committed 79616K, reserved 1179648K
  class space    used 10638K, committed 11008K, reserved 1048576K
}
Event: 5401.783 GC heap after
{Heap after GC invocations=102 (full 9):
 garbage-first heap   total 110592K, used 34208K [0x0000000704600000, 0x0000000800000000)
  region size 2048K, 2 young (4096K), 2 survivors (4096K)
 Metaspace       used 78746K, committed 79616K, reserved 1179648K
  class space    used 10638K, committed 11008K, reserved 1048576K
}
Event: 5797.774 GC heap before
{Heap before GC invocations=102 (full 9):
 garbage-first heap   total 110592K, used 89504K [0x0000000704600000, 0x0000000800000000)
  region size 2048K, 29 young (59392K), 2 survivors (4096K)
 Metaspace       used 78759K, committed 79616K, reserved 1179648K
  class space    used 10640K, committed 11008K, reserved 1048576K
}
Event: 5797.777 GC heap after
{Heap after GC invocations=103 (full 9):
 garbage-first heap   total 110592K, used 34392K [0x0000000704600000, 0x0000000800000000)
  region size 2048K, 2 young (4096K), 2 survivors (4096K)
 Metaspace       used 78759K, committed 79616K, reserved 1179648K
  class space    used 10640K, committed 11008K, reserved 1048576K
}
Event: 6207.806 GC heap before
{Heap before GC invocations=103 (full 9):
 garbage-first heap   total 110592K, used 91736K [0x0000000704600000, 0x0000000800000000)
  region size 2048K, 30 young (61440K), 2 survivors (4096K)
 Metaspace       used 78759K, committed 79616K, reserved 1179648K
  class space    used 10640K, committed 11008K, reserved 1048576K
}
Event: 6207.811 GC heap after
{Heap after GC invocations=104 (full 9):
 garbage-first heap   total 110592K, used 34016K [0x0000000704600000, 0x0000000800000000)
  region size 2048K, 1 young (2048K), 1 survivors (2048K)
 Metaspace       used 78759K, committed 79616K, reserved 1179648K
  class space    used 10640K, committed 11008K, reserved 1048576K
}
Event: 6648.130 GC heap before
{Heap before GC invocations=105 (full 9):
 garbage-first heap   total 110592K, used 95456K [0x0000000704600000, 0x0000000800000000)
  region size 2048K, 31 young (63488K), 1 survivors (2048K)
 Metaspace       used 78673K, committed 79616K, reserved 1179648K
  class space    used 10618K, committed 11008K, reserved 1048576K
}

